CRITICAL - 2023-08-27 22:40:16 --> Call to undefined method CodeIgniter\Router\RouteCollection::set4040verride()
in APPPATH\Config\Routes.php on line 15.
 1 SYSTEMPATH\Router\RouteCollection.php(337): require()
 2 SYSTEMPATH\CodeIgniter.php(783): CodeIgniter\Router\RouteCollection->loadRoutes()
 3 SYSTEMPATH\CodeIgniter.php(442): CodeIgniter\CodeIgniter->tryToRouteIt(null)
 4 SYSTEMPATH\CodeIgniter.php(353): CodeIgniter\CodeIgniter->handleRequest(null, Object(Config\Cache), false)
 5 FCPATH\index.php(79): CodeIgniter\CodeIgniter->run()
CRITICAL - 2023-08-27 23:02:40 --> syntax error, unexpected 'aquí' (T_STRING), expecting ')'
in APPPATH\Views\front\login.php on line 27.
 1 SYSTEMPATH\View\View.php(229): CodeIgniter\View\View->CodeIgniter\View\{closure}()
 2 SYSTEMPATH\Common.php(1178): CodeIgniter\View\View->render('front/login', [], true)
 3 APPPATH\Controllers\Home.php(41): view('front/login')
 4 SYSTEMPATH\CodeIgniter.php(915): App\Controllers\Home->login()
 5 SYSTEMPATH\CodeIgniter.php(492): CodeIgniter\CodeIgniter->runController(Object(App\Controllers\Home))
 6 SYSTEMPATH\CodeIgniter.php(353): CodeIgniter\CodeIgniter->handleRequest(null, Object(Config\Cache), false)
 7 FCPATH\index.php(79): CodeIgniter\CodeIgniter->run()
CRITICAL - 2023-08-27 23:05:51 --> syntax error, unexpected 'aquí' (T_STRING), expecting ')'
in APPPATH\Views\front\login.php on line 27.
 1 SYSTEMPATH\View\View.php(229): CodeIgniter\View\View->CodeIgniter\View\{closure}()
 2 SYSTEMPATH\Common.php(1178): CodeIgniter\View\View->render('front/login', [], true)
 3 APPPATH\Controllers\Home.php(41): view('front/login')
 4 SYSTEMPATH\CodeIgniter.php(915): App\Controllers\Home->login()
 5 SYSTEMPATH\CodeIgniter.php(492): CodeIgniter\CodeIgniter->runController(Object(App\Controllers\Home))
 6 SYSTEMPATH\CodeIgniter.php(353): CodeIgniter\CodeIgniter->handleRequest(null, Object(Config\Cache), false)
 7 FCPATH\index.php(79): CodeIgniter\CodeIgniter->run()
CRITICAL - 2023-08-27 23:06:58 --> syntax error, unexpected 'aquí' (T_STRING), expecting ')'
in APPPATH\Views\front\login.php on line 27.
 1 SYSTEMPATH\View\View.php(229): CodeIgniter\View\View->CodeIgniter\View\{closure}()
 2 SYSTEMPATH\Common.php(1178): CodeIgniter\View\View->render('front/login', [], true)
 3 APPPATH\Controllers\Home.php(41): view('front/login')
 4 SYSTEMPATH\CodeIgniter.php(915): App\Controllers\Home->login()
 5 SYSTEMPATH\CodeIgniter.php(492): CodeIgniter\CodeIgniter->runController(Object(App\Controllers\Home))
 6 SYSTEMPATH\CodeIgniter.php(353): CodeIgniter\CodeIgniter->handleRequest(null, Object(Config\Cache), false)
 7 FCPATH\index.php(79): CodeIgniter\CodeIgniter->run()
CRITICAL - 2023-08-27 23:07:02 --> syntax error, unexpected 'aquí' (T_STRING), expecting ')'
in APPPATH\Views\front\login.php on line 27.
 1 SYSTEMPATH\View\View.php(229): CodeIgniter\View\View->CodeIgniter\View\{closure}()
 2 SYSTEMPATH\Common.php(1178): CodeIgniter\View\View->render('front/login', [], true)
 3 APPPATH\Controllers\Home.php(41): view('front/login')
 4 SYSTEMPATH\CodeIgniter.php(915): App\Controllers\Home->login()
 5 SYSTEMPATH\CodeIgniter.php(492): CodeIgniter\CodeIgniter->runController(Object(App\Controllers\Home))
 6 SYSTEMPATH\CodeIgniter.php(353): CodeIgniter\CodeIgniter->handleRequest(null, Object(Config\Cache), false)
 7 FCPATH\index.php(79): CodeIgniter\CodeIgniter->run()
CRITICAL - 2023-08-27 23:07:25 --> syntax error, unexpected 'aquí' (T_STRING), expecting ')'
in APPPATH\Views\front\login.php on line 27.
 1 SYSTEMPATH\View\View.php(229): CodeIgniter\View\View->CodeIgniter\View\{closure}()
 2 SYSTEMPATH\Common.php(1178): CodeIgniter\View\View->render('front/login', [], true)
 3 APPPATH\Controllers\Home.php(41): view('front/login')
 4 SYSTEMPATH\CodeIgniter.php(915): App\Controllers\Home->login()
 5 SYSTEMPATH\CodeIgniter.php(492): CodeIgniter\CodeIgniter->runController(Object(App\Controllers\Home))
 6 SYSTEMPATH\CodeIgniter.php(353): CodeIgniter\CodeIgniter->handleRequest(null, Object(Config\Cache), false)
 7 FCPATH\index.php(79): CodeIgniter\CodeIgniter->run()
INFO - 2023-08-27 23:09:47 --> Session: Class initialized using 'CodeIgniter\Session\Handlers\FileHandler' driver.
INFO - 2023-08-27 23:09:54 --> Session: Class initialized using 'CodeIgniter\Session\Handlers\FileHandler' driver.
INFO - 2023-08-27 23:19:52 --> Session: Class initialized using 'CodeIgniter\Session\Handlers\FileHandler' driver.
INFO - 2023-08-27 23:20:01 --> Session: Class initialized using 'CodeIgniter\Session\Handlers\FileHandler' driver.
